2025-10-30 02:49:40 UTC -     INFO - drift_macd_momentum_strategy - Logger initialized: drift_macd_momentum_strategy
2025-10-30 02:49:40 UTC -     INFO - drift_macd_momentum_strategy - Log file: logs/drift_macd_momentum_strategy_20251030.log
2025-10-30 02:49:40 UTC -     INFO - drift_macd_momentum_strategy - Log level: DEBUG
2025-10-30 02:49:40 UTC -     INFO - drift_macd_momentum_strategy - Initializing Drift Protocol Trading Bot...
2025-10-30 02:49:40 UTC -     INFO - drift_macd_momentum_strategy - 🎯 MACD Strategy Enhanced - Advanced Hold Time & Reversal Controls
2025-10-30 02:49:40 UTC -     INFO - drift_macd_momentum_strategy - 📊 Symbol: BTC-PERP | Timeframe: 240 | Position %: 0.3
2025-10-30 02:49:40 UTC -     INFO - drift_macd_momentum_strategy - ⚡ MACD: Fast(6), Slow(10), Signal(2)
2025-10-30 02:49:40 UTC -     INFO - drift_macd_momentum_strategy - 🔒 STRICT HOLD MODE: 480 minutes (4H strategy)
2025-10-30 02:49:40 UTC -     INFO - drift_macd_momentum_strategy - 🎯 STRONG REVERSAL OVERRIDE: Enabled with 0.5 MACD threshold
2025-10-30 02:49:40 UTC -     INFO - drift_macd_momentum_strategy - 🛡️ Risk Management: Initial Stop: 2.8x ATR, Take Profit: 6.0x ATR
2025-10-30 02:49:40 UTC -     INFO - drift_macd_momentum_strategy - 📈 Position Sizing: 0.3% of balance (90% for Drift minimums)
2025-10-30 02:49:40 UTC -     INFO - drift_macd_momentum_strategy - 🚀 Initializing DriftMACDStrategy strategy...
2025-10-30 02:49:40 UTC -     INFO - drift_macd_momentum_strategy - Initializing Drift executor (attempt 1/3)...
2025-10-30 02:49:41 UTC -     INFO - drift_macd_momentum_strategy - Received signal 2, initiating shutdown...
2025-10-30 02:49:42 UTC -     INFO - drift_macd_momentum_strategy - Received signal 2, initiating shutdown...
2025-10-30 02:49:43 UTC -     INFO - drift_macd_momentum_strategy - ✅ Drift executor initialized for wallet: 6BP8Gb3Szc5Zbk6nyzeh2AtueTLbWpTDxU5sszbkX4Tt
2025-10-30 02:49:43 UTC -     INFO - drift_macd_momentum_strategy - 💰 Starting equity tracked: $721.92
2025-10-30 02:49:43 UTC -     INFO - drift_macd_momentum_strategy - ✅ DriftMACDStrategy strategy initialized successfully
2025-10-30 02:49:43 UTC -     INFO - drift_macd_momentum_strategy - All components initialized successfully
2025-10-30 02:49:43 UTC -     INFO - drift_macd_momentum_strategy - Trading loop ended
2025-10-30 02:49:43 UTC -     INFO - drift_macd_momentum_strategy - Shutting down trading bot...
2025-10-30 02:49:43 UTC -     INFO - drift_macd_momentum_strategy - 🚪 Attempting to close all positions...
2025-10-30 02:49:43 UTC -     INFO - drift_macd_momentum_strategy - ✅ All positions closed successfully
2025-10-30 02:49:43 UTC -     INFO - drift_macd_momentum_strategy - 🧹 Cleaning up strategy resources...
2025-10-30 02:49:51 UTC -     INFO - drift_macd_momentum_strategy - ✅ Drift client unsubscribed
2025-10-30 02:49:51 UTC -     INFO - drift_macd_momentum_strategy - ✅ Cleanup completed
2025-10-30 02:49:51 UTC -     INFO - drift_macd_momentum_strategy - Final portfolio state:
2025-10-30 02:49:51 UTC -     INFO - drift_macd_momentum_strategy - Shutdown completed successfully
2025-10-30 02:53:04 UTC -     INFO - drift_macd_momentum_strategy - Logger initialized: drift_macd_momentum_strategy
2025-10-30 02:53:04 UTC -     INFO - drift_macd_momentum_strategy - Log file: logs/drift_macd_momentum_strategy_20251030.log
2025-10-30 02:53:04 UTC -     INFO - drift_macd_momentum_strategy - Log level: DEBUG
2025-10-30 02:53:06 UTC -     INFO - drift_macd_momentum_strategy - Logger initialized: drift_macd_momentum_strategy
2025-10-30 02:53:06 UTC -     INFO - drift_macd_momentum_strategy - Log file: logs/drift_macd_momentum_strategy_20251030.log
2025-10-30 02:53:06 UTC -     INFO - drift_macd_momentum_strategy - Log level: DEBUG
2025-10-30 02:53:06 UTC -     INFO - drift_macd_momentum_strategy - Initializing Drift Protocol Trading Bot...
2025-10-30 02:53:06 UTC -     INFO - drift_macd_momentum_strategy - 🎯 MACD Strategy Enhanced - Advanced Hold Time & Reversal Controls
2025-10-30 02:53:06 UTC -     INFO - drift_macd_momentum_strategy - 📊 Symbol: BTC-PERP | Timeframe: 240 | Position %: 0.3
2025-10-30 02:53:06 UTC -     INFO - drift_macd_momentum_strategy - ⚡ MACD: Fast(6), Slow(10), Signal(2)
2025-10-30 02:53:06 UTC -     INFO - drift_macd_momentum_strategy - 🔒 STRICT HOLD MODE: 480 minutes (4H strategy)
2025-10-30 02:53:06 UTC -     INFO - drift_macd_momentum_strategy - 🎯 STRONG REVERSAL OVERRIDE: Enabled with 0.5 MACD threshold
2025-10-30 02:53:06 UTC -     INFO - drift_macd_momentum_strategy - 🛡️ Risk Management: Initial Stop: 2.8x ATR, Take Profit: 6.0x ATR
2025-10-30 02:53:06 UTC -     INFO - drift_macd_momentum_strategy - 📈 Position Sizing: 0.3% of balance (90% for Drift minimums)
2025-10-30 02:53:06 UTC -     INFO - drift_macd_momentum_strategy - 🚀 Initializing DriftMACDStrategy strategy...
2025-10-30 02:53:06 UTC -     INFO - drift_macd_momentum_strategy - Initializing Drift executor (attempt 1/3)...
2025-10-30 02:53:09 UTC -     INFO - drift_macd_momentum_strategy - ✅ Drift executor initialized for wallet: 6BP8Gb3Szc5Zbk6nyzeh2AtueTLbWpTDxU5sszbkX4Tt
2025-10-30 02:53:09 UTC -     INFO - drift_macd_momentum_strategy - 💰 Starting equity tracked: $721.91
2025-10-30 02:53:09 UTC -     INFO - drift_macd_momentum_strategy - ✅ DriftMACDStrategy strategy initialized successfully
2025-10-30 02:53:09 UTC -     INFO - drift_macd_momentum_strategy - All components initialized successfully
2025-10-30 02:53:09 UTC -     INFO - drift_macd_momentum_strategy - Current time: 2025-10-30 01:53:09.389323+00:00
2025-10-30 02:53:09 UTC -     INFO - drift_macd_momentum_strategy - Starting 24/7 trading loop...
2025-10-30 02:53:09 UTC -     INFO - drift_macd_momentum_strategy - Strategy execution begins!
2025-10-30 02:54:09 UTC -     INFO - drift_macd_momentum_strategy - 🔄 Trying RPC endpoint 1/4: https://devnet.helius-rpc.com/?api-key=82ed7012-4895-437a-90...
2025-10-30 02:54:09 UTC -     INFO - drift_macd_momentum_strategy -    Attempt 1/3 (timeout: 30s)
2025-10-30 02:54:29 UTC -     INFO - drift_macd_momentum_strategy - ✅ Successfully connected using RPC: https://devnet.helius-rpc.com/?api-key=82ed7012-4895-437a-90
2025-10-30 02:54:29 UTC -     INFO - drift_macd_momentum_strategy - ✅ Drift data handler initialized for devnet
2025-10-30 02:54:30 UTC -     INFO - drift_macd_momentum_strategy - 📈 BTC-PERP @ $112172.84 | ATR: $2186.81 | Buy: False | Sell: False | Strength: 124.4262
2025-10-30 02:54:30 UTC -     INFO - drift_macd_momentum_strategy - 🔹 PERP positions: 0 | SPOT positions: 1
2025-10-30 02:54:30 UTC - CRITICAL - drift_macd_momentum_strategy - 📋 DECISION: ⏸️ HOLD - No qualifying signals or waiting for opportunity
2025-10-30 02:54:30 UTC -     INFO - drift_macd_momentum_strategy - 🎯 ACCOUNT CLEAR! Bot can execute trades based on signals
2025-10-30 02:55:10 UTC -     INFO - drift_macd_momentum_strategy - 📈 BTC-PERP @ $111418.60 | ATR: $2075.53 | Buy: False | Sell: False | Strength: 148.9176
2025-10-30 02:55:10 UTC -     INFO - drift_macd_momentum_strategy - 🔹 PERP positions: 0 | SPOT positions: 1
2025-10-30 02:55:10 UTC - CRITICAL - drift_macd_momentum_strategy - 📋 DECISION: ⏸️ HOLD - No qualifying signals or waiting for opportunity
2025-10-30 02:55:10 UTC -     INFO - drift_macd_momentum_strategy - 🎯 ACCOUNT CLEAR! Bot can execute trades based on signals
2025-10-30 02:56:10 UTC -     INFO - drift_macd_momentum_strategy - 📈 BTC-PERP @ $109294.84 | ATR: $1908.75 | Buy: False | Sell: False | Strength: 75.5670
2025-10-30 02:56:10 UTC -     INFO - drift_macd_momentum_strategy - 🔹 PERP positions: 0 | SPOT positions: 1
2025-10-30 02:56:10 UTC - CRITICAL - drift_macd_momentum_strategy - 📋 DECISION: ⏸️ HOLD - No qualifying signals or waiting for opportunity
2025-10-30 02:56:10 UTC -     INFO - drift_macd_momentum_strategy - 🎯 ACCOUNT CLEAR! Bot can execute trades based on signals
2025-10-30 02:57:10 UTC -     INFO - drift_macd_momentum_strategy - 📈 BTC-PERP @ $108651.41 | ATR: $1807.20 | Buy: False | Sell: True | Strength: 22.8594
2025-10-30 02:57:10 UTC -     INFO - drift_macd_momentum_strategy - 🔹 PERP positions: 0 | SPOT positions: 1
2025-10-30 02:57:10 UTC - CRITICAL - drift_macd_momentum_strategy - 📋 DECISION: 🎯 SELL SIGNAL - Ready to open SHORT position
2025-10-30 02:57:10 UTC -     INFO - drift_macd_momentum_strategy - 🎯 ACCOUNT CLEAR! Bot can execute trades based on signals
2025-10-30 02:57:10 UTC - CRITICAL - drift_macd_momentum_strategy - 🚀 EXECUTING REAL SELL ORDER ON DRIFT!
2025-10-30 02:57:10 UTC -     INFO - drift_macd_momentum_strategy - 💰 Sell Signal: $433.16 (30.0% × 2.0x) = 0.003987 BTC
2025-10-30 02:57:10 UTC -     INFO - drift_macd_momentum_strategy - 🎯 Risk Management: Entry $108651.41 | Stop $113711.56 | TP $97808.23
2025-10-30 02:57:10 UTC -     INFO - drift_macd_momentum_strategy - 📊 ATR: $1807.20 | Stop Risk: 2.8x | TP: 6.0x
2025-10-30 02:57:10 UTC -     INFO - drift_macd_momentum_strategy - 📤 Executing SELL order: 0.003987 BTC-PERP at market price
2025-10-30 02:57:10 UTC -     INFO - drift_macd_momentum_strategy - Order debug: symbol=BTC-PERP, quantity=0.003986713394960045, BASE_PRECISION=1000000000, base_asset_amount=3986713
2025-10-30 02:57:13 UTC -     INFO - drift_macd_momentum_strategy - Market order placed: BTC-PERP SELL 0.003986713394960045, tx: 5NxQZEua7FWMLw1kc9mz12St3TBeY6BEw1L9rPcmSs6W633utYLZ6FFGkTUniNNBQRNE8Z1MwSTjrWC1JX5SUkS4
2025-10-30 02:57:15 UTC -     INFO - drift_macd_momentum_strategy - 📊 EXECUTION DETAILS: BTC-PERP SELL - Intended: 0.003986713394960045@market | Actual: 0@110734.406629
2025-10-30 02:57:15 UTC -    ERROR - drift_macd_momentum_strategy - ❌ ORDER REJECTED! Actual quantity = 0
2025-10-30 02:57:15 UTC -    ERROR - drift_macd_momentum_strategy - 💰 Possible reasons:
2025-10-30 02:57:15 UTC -    ERROR - drift_macd_momentum_strategy -    1. Insufficient margin/collateral
2025-10-30 02:57:15 UTC -    ERROR - drift_macd_momentum_strategy -    2. Position size exceeds account leverage limits
2025-10-30 02:57:15 UTC -    ERROR - drift_macd_momentum_strategy -    3. Market conditions preventing fill
2025-10-30 02:57:15 UTC -    ERROR - drift_macd_momentum_strategy - 💡 Solutions:
2025-10-30 02:57:15 UTC -    ERROR - drift_macd_momentum_strategy -    • Reduce POSITION_PCT from 0.5 to 0.3 in config
2025-10-30 02:57:15 UTC -    ERROR - drift_macd_momentum_strategy -    • Reduce LEVERAGE_MULTIPLIER from 2.0 to 1.5
2025-10-30 02:57:15 UTC -    ERROR - drift_macd_momentum_strategy -    • Check Drift UI for pending orders or margin issues
2025-10-30 02:57:25 UTC -  WARNING - drift_macd_momentum_strategy - ⚠️ Bot-managed position detected after polling: SELL @ 110714.43282051283
2025-10-30 02:58:10 UTC -     INFO - drift_macd_momentum_strategy - 📈 BTC-PERP @ $111406.38 | ATR: $2218.51 | Buy: False | Sell: False | Strength: 33.7850
2025-10-30 02:58:10 UTC -     INFO - drift_macd_momentum_strategy - 🔹 PERP positions: 1 | SPOT positions: 1
2025-10-30 02:58:10 UTC -     INFO - drift_macd_momentum_strategy - 📍 Found PERP position for BTC-PERP (format: MARKET_1): {'symbol': 'MARKET_1', 'market_index': 1, 'qty': -0.0039, 'market_type': 'perp', 'entry_price': 110714.43282051283, 'direction': 'SHORT'}
2025-10-30 02:58:10 UTC - CRITICAL - drift_macd_momentum_strategy - 📋 DECISION: 📊 MANAGING POSITION - Monitoring SELL position
2025-10-30 02:58:10 UTC -     INFO - drift_macd_momentum_strategy - ⏳ HOLD TIME CHECK: 0.8min / 480min (⏰ 479.2min remaining) [Strict (4H)]
2025-10-30 02:58:10 UTC -     INFO - drift_macd_momentum_strategy - 💰 Position: SELL 0.003900 BTC-PERP @ $110714.43
2025-10-30 02:58:10 UTC -     INFO - drift_macd_momentum_strategy - 📊 Current: $111406.38 | P&L: $-2.70 (-0.62%)
2025-10-30 02:58:10 UTC -     INFO - drift_macd_momentum_strategy - 🛡️ Emergency stop available if loss > $25.96
2025-10-30 02:58:10 UTC -     INFO - drift_macd_momentum_strategy - 🚫 Normal exits blocked until hold complete
2025-10-30 02:59:11 UTC -     INFO - drift_macd_momentum_strategy - 📈 BTC-PERP @ $112751.10 | ATR: $1950.05 | Buy: False | Sell: False | Strength: 14.6958
2025-10-30 02:59:11 UTC -     INFO - drift_macd_momentum_strategy - 🔹 PERP positions: 1 | SPOT positions: 1
2025-10-30 02:59:11 UTC -     INFO - drift_macd_momentum_strategy - 📍 Found PERP position for BTC-PERP (format: MARKET_1): {'symbol': 'MARKET_1', 'market_index': 1, 'qty': -0.0039, 'market_type': 'perp', 'entry_price': 110714.43282051283, 'direction': 'SHORT'}
2025-10-30 02:59:11 UTC - CRITICAL - drift_macd_momentum_strategy - 📋 DECISION: 📊 MANAGING POSITION - Monitoring SELL position
2025-10-30 02:59:11 UTC -     INFO - drift_macd_momentum_strategy - ⏳ HOLD TIME CHECK: 1.8min / 480min (⏰ 478.2min remaining) [Strict (4H)]
2025-10-30 02:59:11 UTC -     INFO - drift_macd_momentum_strategy - 💰 Position: SELL 0.003900 BTC-PERP @ $110714.43
2025-10-30 02:59:11 UTC -     INFO - drift_macd_momentum_strategy - 📊 Current: $112751.10 | P&L: $-7.94 (-1.84%)
2025-10-30 02:59:11 UTC -     INFO - drift_macd_momentum_strategy - 🛡️ Emergency stop available if loss > $22.82
2025-10-30 02:59:11 UTC -     INFO - drift_macd_momentum_strategy - 🚫 Normal exits blocked until hold complete
2025-10-30 03:00:11 UTC -     INFO - drift_macd_momentum_strategy - 📈 BTC-PERP @ $109831.59 | ATR: $2182.03 | Buy: False | Sell: False | Strength: 10.2703
2025-10-30 03:00:11 UTC -     INFO - drift_macd_momentum_strategy - 🔹 PERP positions: 1 | SPOT positions: 1
2025-10-30 03:00:11 UTC -     INFO - drift_macd_momentum_strategy - 📍 Found PERP position for BTC-PERP (format: MARKET_1): {'symbol': 'MARKET_1', 'market_index': 1, 'qty': -0.0039, 'market_type': 'perp', 'entry_price': 110714.43282051283, 'direction': 'SHORT'}
2025-10-30 03:00:11 UTC - CRITICAL - drift_macd_momentum_strategy - 📋 DECISION: 📊 MANAGING POSITION - Monitoring SELL position
2025-10-30 03:00:11 UTC -     INFO - drift_macd_momentum_strategy - ⏳ HOLD TIME CHECK: 2.8min / 480min (⏰ 477.2min remaining) [Strict (4H)]
2025-10-30 03:00:11 UTC -     INFO - drift_macd_momentum_strategy - 💰 Position: SELL 0.003900 BTC-PERP @ $110714.43
2025-10-30 03:00:11 UTC -     INFO - drift_macd_momentum_strategy - 📊 Current: $109831.59 | P&L: $3.44 (+0.80%)
2025-10-30 03:00:11 UTC -     INFO - drift_macd_momentum_strategy - 🛡️ Emergency stop available if loss > $25.53
2025-10-30 03:00:11 UTC -     INFO - drift_macd_momentum_strategy - 🚫 Normal exits blocked until hold complete
2025-10-30 03:01:11 UTC -     INFO - drift_macd_momentum_strategy - 📈 BTC-PERP @ $111044.44 | ATR: $1847.40 | Buy: False | Sell: False | Strength: 42.2607
2025-10-30 03:01:11 UTC -     INFO - drift_macd_momentum_strategy - 🔹 PERP positions: 1 | SPOT positions: 1
2025-10-30 03:01:11 UTC -     INFO - drift_macd_momentum_strategy - 📍 Found PERP position for BTC-PERP (format: MARKET_1): {'symbol': 'MARKET_1', 'market_index': 1, 'qty': -0.0039, 'market_type': 'perp', 'entry_price': 110714.43282051283, 'direction': 'SHORT'}
2025-10-30 03:01:11 UTC - CRITICAL - drift_macd_momentum_strategy - 📋 DECISION: 📊 MANAGING POSITION - Monitoring SELL position
2025-10-30 03:01:11 UTC -     INFO - drift_macd_momentum_strategy - ⏳ HOLD TIME CHECK: 3.8min / 480min (⏰ 476.2min remaining) [Strict (4H)]
2025-10-30 03:01:11 UTC -     INFO - drift_macd_momentum_strategy - 💰 Position: SELL 0.003900 BTC-PERP @ $110714.43
2025-10-30 03:01:11 UTC -     INFO - drift_macd_momentum_strategy - 📊 Current: $111044.44 | P&L: $-1.29 (-0.30%)
2025-10-30 03:01:11 UTC -     INFO - drift_macd_momentum_strategy - 🛡️ Emergency stop available if loss > $21.61
2025-10-30 03:01:11 UTC -     INFO - drift_macd_momentum_strategy - 🚫 Normal exits blocked until hold complete
2025-10-30 03:02:11 UTC -     INFO - drift_macd_momentum_strategy - 📈 BTC-PERP @ $112055.49 | ATR: $2116.35 | Buy: False | Sell: False | Strength: 89.4469
2025-10-30 03:02:11 UTC -     INFO - drift_macd_momentum_strategy - 🔹 PERP positions: 1 | SPOT positions: 1
2025-10-30 03:02:11 UTC -     INFO - drift_macd_momentum_strategy - 📍 Found PERP position for BTC-PERP (format: MARKET_1): {'symbol': 'MARKET_1', 'market_index': 1, 'qty': -0.0039, 'market_type': 'perp', 'entry_price': 110714.43282051283, 'direction': 'SHORT'}
2025-10-30 03:02:11 UTC - CRITICAL - drift_macd_momentum_strategy - 📋 DECISION: 📊 MANAGING POSITION - Monitoring SELL position
2025-10-30 03:02:11 UTC -     INFO - drift_macd_momentum_strategy - ⏳ HOLD TIME CHECK: 4.8min / 480min (⏰ 475.2min remaining) [Strict (4H)]
2025-10-30 03:02:11 UTC -     INFO - drift_macd_momentum_strategy - 💰 Position: SELL 0.003900 BTC-PERP @ $110714.43
2025-10-30 03:02:11 UTC -     INFO - drift_macd_momentum_strategy - 📊 Current: $112055.49 | P&L: $-5.23 (-1.21%)
2025-10-30 03:02:11 UTC -     INFO - drift_macd_momentum_strategy - 🛡️ Emergency stop available if loss > $24.76
2025-10-30 03:02:11 UTC -     INFO - drift_macd_momentum_strategy - 🚫 Normal exits blocked until hold complete
2025-10-30 03:03:11 UTC -     INFO - drift_macd_momentum_strategy - 📈 BTC-PERP @ $108493.19 | ATR: $1671.32 | Buy: False | Sell: False | Strength: 47.4246
2025-10-30 03:03:11 UTC -     INFO - drift_macd_momentum_strategy - 🔹 PERP positions: 1 | SPOT positions: 1
2025-10-30 03:03:11 UTC -     INFO - drift_macd_momentum_strategy - 📍 Found PERP position for BTC-PERP (format: MARKET_1): {'symbol': 'MARKET_1', 'market_index': 1, 'qty': -0.0039, 'market_type': 'perp', 'entry_price': 110714.43282051283, 'direction': 'SHORT'}
2025-10-30 03:03:11 UTC - CRITICAL - drift_macd_momentum_strategy - 📋 DECISION: 📊 MANAGING POSITION - Monitoring SELL position
2025-10-30 03:03:11 UTC -     INFO - drift_macd_momentum_strategy - ⏳ HOLD TIME CHECK: 5.8min / 480min (⏰ 474.2min remaining) [Strict (4H)]
2025-10-30 03:03:11 UTC -     INFO - drift_macd_momentum_strategy - 💰 Position: SELL 0.003900 BTC-PERP @ $110714.43
2025-10-30 03:03:11 UTC -     INFO - drift_macd_momentum_strategy - 📊 Current: $108493.19 | P&L: $8.66 (+2.01%)
2025-10-30 03:03:11 UTC -     INFO - drift_macd_momentum_strategy - 🛡️ Emergency stop available if loss > $19.55
2025-10-30 03:03:11 UTC -     INFO - drift_macd_momentum_strategy - 🚫 Normal exits blocked until hold complete
2025-10-30 03:04:12 UTC -     INFO - drift_macd_momentum_strategy - 📈 BTC-PERP @ $108640.19 | ATR: $2009.32 | Buy: False | Sell: True | Strength: 15.5261
2025-10-30 03:04:12 UTC -     INFO - drift_macd_momentum_strategy - 🔹 PERP positions: 1 | SPOT positions: 1
2025-10-30 03:04:12 UTC -     INFO - drift_macd_momentum_strategy - 📍 Found PERP position for BTC-PERP (format: MARKET_1): {'symbol': 'MARKET_1', 'market_index': 1, 'qty': -0.0039, 'market_type': 'perp', 'entry_price': 110714.43282051283, 'direction': 'SHORT'}
2025-10-30 03:04:12 UTC - CRITICAL - drift_macd_momentum_strategy - 📋 DECISION: 📊 MANAGING POSITION - Monitoring SELL position
2025-10-30 03:04:12 UTC -     INFO - drift_macd_momentum_strategy - Sell signal with existing SHORT - continue holding
2025-10-30 03:04:12 UTC -     INFO - drift_macd_momentum_strategy - ⏳ HOLD TIME CHECK: 6.8min / 480min (⏰ 473.2min remaining) [Strict (4H)]
2025-10-30 03:04:12 UTC -     INFO - drift_macd_momentum_strategy - 💰 Position: SELL 0.003900 BTC-PERP @ $110714.43
2025-10-30 03:04:12 UTC -     INFO - drift_macd_momentum_strategy - 📊 Current: $108640.19 | P&L: $8.09 (+1.87%)
2025-10-30 03:04:12 UTC -     INFO - drift_macd_momentum_strategy - 🛡️ Emergency stop available if loss > $23.51
2025-10-30 03:04:12 UTC -     INFO - drift_macd_momentum_strategy - 🚫 Normal exits blocked until hold complete
2025-10-30 03:05:12 UTC -     INFO - drift_macd_momentum_strategy - 📈 BTC-PERP @ $109164.04 | ATR: $1919.84 | Buy: False | Sell: False | Strength: 140.2930
2025-10-30 03:05:12 UTC -     INFO - drift_macd_momentum_strategy - 🔹 PERP positions: 1 | SPOT positions: 1
2025-10-30 03:05:12 UTC -     INFO - drift_macd_momentum_strategy - 📍 Found PERP position for BTC-PERP (format: MARKET_1): {'symbol': 'MARKET_1', 'market_index': 1, 'qty': -0.0039, 'market_type': 'perp', 'entry_price': 110714.43282051283, 'direction': 'SHORT'}
2025-10-30 03:05:12 UTC - CRITICAL - drift_macd_momentum_strategy - 📋 DECISION: 📊 MANAGING POSITION - Monitoring SELL position
2025-10-30 03:05:12 UTC -     INFO - drift_macd_momentum_strategy - ⏳ HOLD TIME CHECK: 7.8min / 480min (⏰ 472.2min remaining) [Strict (4H)]
2025-10-30 03:05:12 UTC -     INFO - drift_macd_momentum_strategy - 💰 Position: SELL 0.003900 BTC-PERP @ $110714.43
2025-10-30 03:05:12 UTC -     INFO - drift_macd_momentum_strategy - 📊 Current: $109164.04 | P&L: $6.05 (+1.40%)
2025-10-30 03:05:12 UTC -     INFO - drift_macd_momentum_strategy - 🛡️ Emergency stop available if loss > $22.46
2025-10-30 03:05:12 UTC -     INFO - drift_macd_momentum_strategy - 🚫 Normal exits blocked until hold complete
2025-10-30 03:06:12 UTC -     INFO - drift_macd_momentum_strategy - 📈 BTC-PERP @ $109053.45 | ATR: $1978.10 | Buy: False | Sell: False | Strength: 110.7982
2025-10-30 03:06:12 UTC -     INFO - drift_macd_momentum_strategy - 🔹 PERP positions: 1 | SPOT positions: 1
2025-10-30 03:06:12 UTC -     INFO - drift_macd_momentum_strategy - 📍 Found PERP position for BTC-PERP (format: MARKET_1): {'symbol': 'MARKET_1', 'market_index': 1, 'qty': -0.0039, 'market_type': 'perp', 'entry_price': 110714.43282051283, 'direction': 'SHORT'}
2025-10-30 03:06:12 UTC - CRITICAL - drift_macd_momentum_strategy - 📋 DECISION: 📊 MANAGING POSITION - Monitoring SELL position
2025-10-30 03:06:12 UTC -     INFO - drift_macd_momentum_strategy - ⏳ HOLD TIME CHECK: 8.8min / 480min (⏰ 471.2min remaining) [Strict (4H)]
2025-10-30 03:06:12 UTC -     INFO - drift_macd_momentum_strategy - 💰 Position: SELL 0.003900 BTC-PERP @ $110714.43
2025-10-30 03:06:12 UTC -     INFO - drift_macd_momentum_strategy - 📊 Current: $109053.45 | P&L: $6.48 (+1.50%)
2025-10-30 03:06:12 UTC -     INFO - drift_macd_momentum_strategy - 🛡️ Emergency stop available if loss > $23.14
2025-10-30 03:06:12 UTC -     INFO - drift_macd_momentum_strategy - 🚫 Normal exits blocked until hold complete
2025-10-30 03:07:12 UTC -     INFO - drift_macd_momentum_strategy - 📈 BTC-PERP @ $110019.35 | ATR: $1923.25 | Buy: False | Sell: False | Strength: 69.3720
2025-10-30 03:07:12 UTC -     INFO - drift_macd_momentum_strategy - 🔹 PERP positions: 1 | SPOT positions: 1
2025-10-30 03:07:12 UTC -     INFO - drift_macd_momentum_strategy - 📍 Found PERP position for BTC-PERP (format: MARKET_1): {'symbol': 'MARKET_1', 'market_index': 1, 'qty': -0.0039, 'market_type': 'perp', 'entry_price': 110714.43282051283, 'direction': 'SHORT'}
2025-10-30 03:07:12 UTC - CRITICAL - drift_macd_momentum_strategy - 📋 DECISION: 📊 MANAGING POSITION - Monitoring SELL position
2025-10-30 03:07:12 UTC -     INFO - drift_macd_momentum_strategy - ⏳ HOLD TIME CHECK: 9.8min / 480min (⏰ 470.2min remaining) [Strict (4H)]
2025-10-30 03:07:12 UTC -     INFO - drift_macd_momentum_strategy - 💰 Position: SELL 0.003900 BTC-PERP @ $110714.43
2025-10-30 03:07:12 UTC -     INFO - drift_macd_momentum_strategy - 📊 Current: $110019.35 | P&L: $2.71 (+0.63%)
2025-10-30 03:07:12 UTC -     INFO - drift_macd_momentum_strategy - 🛡️ Emergency stop available if loss > $22.50
2025-10-30 03:07:12 UTC -     INFO - drift_macd_momentum_strategy - 🚫 Normal exits blocked until hold complete
2025-10-30 03:08:12 UTC -     INFO - drift_macd_momentum_strategy - 📈 BTC-PERP @ $112043.57 | ATR: $1789.81 | Buy: False | Sell: False | Strength: 17.3533
2025-10-30 03:08:12 UTC -     INFO - drift_macd_momentum_strategy - 🔹 PERP positions: 1 | SPOT positions: 1
2025-10-30 03:08:12 UTC -     INFO - drift_macd_momentum_strategy - 📍 Found PERP position for BTC-PERP (format: MARKET_1): {'symbol': 'MARKET_1', 'market_index': 1, 'qty': -0.0039, 'market_type': 'perp', 'entry_price': 110714.43282051283, 'direction': 'SHORT'}
2025-10-30 03:08:12 UTC - CRITICAL - drift_macd_momentum_strategy - 📋 DECISION: 📊 MANAGING POSITION - Monitoring SELL position
2025-10-30 03:08:12 UTC -     INFO - drift_macd_momentum_strategy - ⏳ HOLD TIME CHECK: 10.8min / 480min (⏰ 469.2min remaining) [Strict (4H)]
2025-10-30 03:08:12 UTC -     INFO - drift_macd_momentum_strategy - 💰 Position: SELL 0.003900 BTC-PERP @ $110714.43
2025-10-30 03:08:12 UTC -     INFO - drift_macd_momentum_strategy - 📊 Current: $112043.57 | P&L: $-5.18 (-1.20%)
2025-10-30 03:08:12 UTC -     INFO - drift_macd_momentum_strategy - 🛡️ Emergency stop available if loss > $20.94
2025-10-30 03:08:12 UTC -     INFO - drift_macd_momentum_strategy - 🚫 Normal exits blocked until hold complete
2025-10-30 03:09:12 UTC -     INFO - drift_macd_momentum_strategy - 📈 BTC-PERP @ $110239.97 | ATR: $1623.70 | Buy: False | Sell: False | Strength: 51.4978
2025-10-30 03:09:12 UTC -     INFO - drift_macd_momentum_strategy - 🔹 PERP positions: 1 | SPOT positions: 1
2025-10-30 03:09:12 UTC -     INFO - drift_macd_momentum_strategy - 📍 Found PERP position for BTC-PERP (format: MARKET_1): {'symbol': 'MARKET_1', 'market_index': 1, 'qty': -0.0039, 'market_type': 'perp', 'entry_price': 110714.43282051283, 'direction': 'SHORT'}
2025-10-30 03:09:12 UTC - CRITICAL - drift_macd_momentum_strategy - 📋 DECISION: 📊 MANAGING POSITION - Monitoring SELL position
2025-10-30 03:09:12 UTC -     INFO - drift_macd_momentum_strategy - ⏳ HOLD TIME CHECK: 11.8min / 480min (⏰ 468.2min remaining) [Strict (4H)]
2025-10-30 03:09:12 UTC -     INFO - drift_macd_momentum_strategy - 💰 Position: SELL 0.003900 BTC-PERP @ $110714.43
2025-10-30 03:09:12 UTC -     INFO - drift_macd_momentum_strategy - 📊 Current: $110239.97 | P&L: $1.85 (+0.43%)
2025-10-30 03:09:12 UTC -     INFO - drift_macd_momentum_strategy - 🛡️ Emergency stop available if loss > $19.00
2025-10-30 03:09:12 UTC -     INFO - drift_macd_momentum_strategy - 🚫 Normal exits blocked until hold complete
2025-10-30 03:10:13 UTC -     INFO - drift_macd_momentum_strategy - 📈 BTC-PERP @ $112358.07 | ATR: $2169.66 | Buy: False | Sell: False | Strength: 30.4428
2025-10-30 03:10:13 UTC -     INFO - drift_macd_momentum_strategy - 🔹 PERP positions: 1 | SPOT positions: 1
2025-10-30 03:10:13 UTC -     INFO - drift_macd_momentum_strategy - 📍 Found PERP position for BTC-PERP (format: MARKET_1): {'symbol': 'MARKET_1', 'market_index': 1, 'qty': -0.0039, 'market_type': 'perp', 'entry_price': 110714.43282051283, 'direction': 'SHORT'}
2025-10-30 03:10:13 UTC - CRITICAL - drift_macd_momentum_strategy - 📋 DECISION: 📊 MANAGING POSITION - Monitoring SELL position
2025-10-30 03:10:13 UTC -     INFO - drift_macd_momentum_strategy - ⏳ HOLD TIME CHECK: 12.8min / 480min (⏰ 467.2min remaining) [Strict (4H)]
2025-10-30 03:10:13 UTC -     INFO - drift_macd_momentum_strategy - 💰 Position: SELL 0.003900 BTC-PERP @ $110714.43
2025-10-30 03:10:13 UTC -     INFO - drift_macd_momentum_strategy - 📊 Current: $112358.07 | P&L: $-6.41 (-1.48%)
2025-10-30 03:10:13 UTC -     INFO - drift_macd_momentum_strategy - 🛡️ Emergency stop available if loss > $25.39
2025-10-30 03:10:13 UTC -     INFO - drift_macd_momentum_strategy - 🚫 Normal exits blocked until hold complete
2025-10-30 03:11:13 UTC -     INFO - drift_macd_momentum_strategy - 📈 BTC-PERP @ $112463.13 | ATR: $1954.40 | Buy: False | Sell: False | Strength: 111.7723
2025-10-30 03:11:13 UTC -     INFO - drift_macd_momentum_strategy - 🔹 PERP positions: 1 | SPOT positions: 1
2025-10-30 03:11:13 UTC -     INFO - drift_macd_momentum_strategy - 📍 Found PERP position for BTC-PERP (format: MARKET_1): {'symbol': 'MARKET_1', 'market_index': 1, 'qty': -0.0039, 'market_type': 'perp', 'entry_price': 110714.43282051283, 'direction': 'SHORT'}
2025-10-30 03:11:13 UTC - CRITICAL - drift_macd_momentum_strategy - 📋 DECISION: 📊 MANAGING POSITION - Monitoring SELL position
2025-10-30 03:11:13 UTC -     INFO - drift_macd_momentum_strategy - ⏳ HOLD TIME CHECK: 13.8min / 480min (⏰ 466.2min remaining) [Strict (4H)]
2025-10-30 03:11:13 UTC -     INFO - drift_macd_momentum_strategy - 💰 Position: SELL 0.003900 BTC-PERP @ $110714.43
2025-10-30 03:11:13 UTC -     INFO - drift_macd_momentum_strategy - 📊 Current: $112463.13 | P&L: $-6.82 (-1.58%)
2025-10-30 03:11:13 UTC -     INFO - drift_macd_momentum_strategy - 🛡️ Emergency stop available if loss > $22.87
2025-10-30 03:11:13 UTC -     INFO - drift_macd_momentum_strategy - 🚫 Normal exits blocked until hold complete
2025-10-30 03:12:13 UTC -     INFO - drift_macd_momentum_strategy - 📈 BTC-PERP @ $111131.96 | ATR: $1960.52 | Buy: False | Sell: False | Strength: 60.1313
2025-10-30 03:12:13 UTC -     INFO - drift_macd_momentum_strategy - 🔹 PERP positions: 1 | SPOT positions: 1
2025-10-30 03:12:13 UTC -     INFO - drift_macd_momentum_strategy - 📍 Found PERP position for BTC-PERP (format: MARKET_1): {'symbol': 'MARKET_1', 'market_index': 1, 'qty': -0.0039, 'market_type': 'perp', 'entry_price': 110714.43282051283, 'direction': 'SHORT'}
2025-10-30 03:12:13 UTC - CRITICAL - drift_macd_momentum_strategy - 📋 DECISION: 📊 MANAGING POSITION - Monitoring SELL position
2025-10-30 03:12:13 UTC -     INFO - drift_macd_momentum_strategy - ⏳ HOLD TIME CHECK: 14.8min / 480min (⏰ 465.2min remaining) [Strict (4H)]
2025-10-30 03:12:13 UTC -     INFO - drift_macd_momentum_strategy - 💰 Position: SELL 0.003900 BTC-PERP @ $110714.43
2025-10-30 03:12:13 UTC -     INFO - drift_macd_momentum_strategy - 📊 Current: $111131.96 | P&L: $-1.63 (-0.38%)
2025-10-30 03:12:13 UTC -     INFO - drift_macd_momentum_strategy - 🛡️ Emergency stop available if loss > $22.94
2025-10-30 03:12:13 UTC -     INFO - drift_macd_momentum_strategy - 🚫 Normal exits blocked until hold complete
2025-10-30 03:13:13 UTC -     INFO - drift_macd_momentum_strategy - 📈 BTC-PERP @ $111250.52 | ATR: $2007.68 | Buy: False | Sell: False | Strength: 94.7076
2025-10-30 03:13:13 UTC -     INFO - drift_macd_momentum_strategy - 🔹 PERP positions: 1 | SPOT positions: 1
2025-10-30 03:13:13 UTC -     INFO - drift_macd_momentum_strategy - 📍 Found PERP position for BTC-PERP (format: MARKET_1): {'symbol': 'MARKET_1', 'market_index': 1, 'qty': -0.0039, 'market_type': 'perp', 'entry_price': 110714.43282051283, 'direction': 'SHORT'}
2025-10-30 03:13:13 UTC - CRITICAL - drift_macd_momentum_strategy - 📋 DECISION: 📊 MANAGING POSITION - Monitoring SELL position
2025-10-30 03:13:13 UTC -     INFO - drift_macd_momentum_strategy - ⏳ HOLD TIME CHECK: 15.8min / 480min (⏰ 464.2min remaining) [Strict (4H)]
2025-10-30 03:13:13 UTC -     INFO - drift_macd_momentum_strategy - 💰 Position: SELL 0.003900 BTC-PERP @ $110714.43
2025-10-30 03:13:13 UTC -     INFO - drift_macd_momentum_strategy - 📊 Current: $111250.52 | P&L: $-2.09 (-0.48%)
2025-10-30 03:13:13 UTC -     INFO - drift_macd_momentum_strategy - 🛡️ Emergency stop available if loss > $23.49
2025-10-30 03:13:13 UTC -     INFO - drift_macd_momentum_strategy - 🚫 Normal exits blocked until hold complete
2025-10-30 03:14:14 UTC -     INFO - drift_macd_momentum_strategy - 📈 BTC-PERP @ $111781.49 | ATR: $2039.63 | Buy: False | Sell: False | Strength: 108.1539
2025-10-30 03:14:14 UTC -     INFO - drift_macd_momentum_strategy - 🔹 PERP positions: 1 | SPOT positions: 1
2025-10-30 03:14:14 UTC -     INFO - drift_macd_momentum_strategy - 📍 Found PERP position for BTC-PERP (format: MARKET_1): {'symbol': 'MARKET_1', 'market_index': 1, 'qty': -0.0039, 'market_type': 'perp', 'entry_price': 110714.43282051283, 'direction': 'SHORT'}
2025-10-30 03:14:14 UTC - CRITICAL - drift_macd_momentum_strategy - 📋 DECISION: 📊 MANAGING POSITION - Monitoring SELL position
2025-10-30 03:14:14 UTC -     INFO - drift_macd_momentum_strategy - ⏳ HOLD TIME CHECK: 16.8min / 480min (⏰ 463.2min remaining) [Strict (4H)]
2025-10-30 03:14:14 UTC -     INFO - drift_macd_momentum_strategy - 💰 Position: SELL 0.003900 BTC-PERP @ $110714.43
2025-10-30 03:14:14 UTC -     INFO - drift_macd_momentum_strategy - 📊 Current: $111781.49 | P&L: $-4.16 (-0.96%)
2025-10-30 03:14:14 UTC -     INFO - drift_macd_momentum_strategy - 🛡️ Emergency stop available if loss > $23.86
2025-10-30 03:14:14 UTC -     INFO - drift_macd_momentum_strategy - 🚫 Normal exits blocked until hold complete
2025-10-30 03:15:14 UTC -     INFO - drift_macd_momentum_strategy - 📈 BTC-PERP @ $111371.09 | ATR: $1953.13 | Buy: False | Sell: False | Strength: 60.2609
2025-10-30 03:15:14 UTC -     INFO - drift_macd_momentum_strategy - 🔹 PERP positions: 1 | SPOT positions: 1
2025-10-30 03:15:14 UTC -     INFO - drift_macd_momentum_strategy - 📍 Found PERP position for BTC-PERP (format: MARKET_1): {'symbol': 'MARKET_1', 'market_index': 1, 'qty': -0.0039, 'market_type': 'perp', 'entry_price': 110714.43282051283, 'direction': 'SHORT'}
2025-10-30 03:15:14 UTC - CRITICAL - drift_macd_momentum_strategy - 📋 DECISION: 📊 MANAGING POSITION - Monitoring SELL position
2025-10-30 03:15:14 UTC -     INFO - drift_macd_momentum_strategy - ⏳ HOLD TIME CHECK: 17.8min / 480min (⏰ 462.2min remaining) [Strict (4H)]
2025-10-30 03:15:14 UTC -     INFO - drift_macd_momentum_strategy - 💰 Position: SELL 0.003900 BTC-PERP @ $110714.43
2025-10-30 03:15:14 UTC -     INFO - drift_macd_momentum_strategy - 📊 Current: $111371.09 | P&L: $-2.56 (-0.59%)
2025-10-30 03:15:14 UTC -     INFO - drift_macd_momentum_strategy - 🛡️ Emergency stop available if loss > $22.85
2025-10-30 03:15:14 UTC -     INFO - drift_macd_momentum_strategy - 🚫 Normal exits blocked until hold complete
2025-10-30 03:16:14 UTC -     INFO - drift_macd_momentum_strategy - 📈 BTC-PERP @ $110632.09 | ATR: $1759.61 | Buy: False | Sell: False | Strength: 41.9826
2025-10-30 03:16:14 UTC -     INFO - drift_macd_momentum_strategy - 🔹 PERP positions: 1 | SPOT positions: 1
2025-10-30 03:16:14 UTC -     INFO - drift_macd_momentum_strategy - 📍 Found PERP position for BTC-PERP (format: MARKET_1): {'symbol': 'MARKET_1', 'market_index': 1, 'qty': -0.0039, 'market_type': 'perp', 'entry_price': 110714.43282051283, 'direction': 'SHORT'}
2025-10-30 03:16:14 UTC - CRITICAL - drift_macd_momentum_strategy - 📋 DECISION: 📊 MANAGING POSITION - Monitoring SELL position
2025-10-30 03:16:14 UTC -     INFO - drift_macd_momentum_strategy - ⏳ HOLD TIME CHECK: 18.8min / 480min (⏰ 461.2min remaining) [Strict (4H)]
2025-10-30 03:16:14 UTC -     INFO - drift_macd_momentum_strategy - 💰 Position: SELL 0.003900 BTC-PERP @ $110714.43
2025-10-30 03:16:14 UTC -     INFO - drift_macd_momentum_strategy - 📊 Current: $110632.09 | P&L: $0.32 (+0.07%)
2025-10-30 03:16:14 UTC -     INFO - drift_macd_momentum_strategy - 🛡️ Emergency stop available if loss > $20.59
2025-10-30 03:16:14 UTC -     INFO - drift_macd_momentum_strategy - 🚫 Normal exits blocked until hold complete
2025-10-30 03:17:14 UTC -     INFO - drift_macd_momentum_strategy - 📈 BTC-PERP @ $108805.20 | ATR: $1746.02 | Buy: False | Sell: False | Strength: 80.2522
2025-10-30 03:17:14 UTC -     INFO - drift_macd_momentum_strategy - 🔹 PERP positions: 1 | SPOT positions: 1
2025-10-30 03:17:14 UTC -     INFO - drift_macd_momentum_strategy - 📍 Found PERP position for BTC-PERP (format: MARKET_1): {'symbol': 'MARKET_1', 'market_index': 1, 'qty': -0.0039, 'market_type': 'perp', 'entry_price': 110714.43282051283, 'direction': 'SHORT'}
2025-10-30 03:17:14 UTC - CRITICAL - drift_macd_momentum_strategy - 📋 DECISION: 📊 MANAGING POSITION - Monitoring SELL position
2025-10-30 03:17:14 UTC -     INFO - drift_macd_momentum_strategy - ⏳ HOLD TIME CHECK: 19.8min / 480min (⏰ 460.2min remaining) [Strict (4H)]
2025-10-30 03:17:14 UTC -     INFO - drift_macd_momentum_strategy - 💰 Position: SELL 0.003900 BTC-PERP @ $110714.43
2025-10-30 03:17:14 UTC -     INFO - drift_macd_momentum_strategy - 📊 Current: $108805.20 | P&L: $7.45 (+1.72%)
2025-10-30 03:17:14 UTC -     INFO - drift_macd_momentum_strategy - 🛡️ Emergency stop available if loss > $20.43
2025-10-30 03:17:14 UTC -     INFO - drift_macd_momentum_strategy - 🚫 Normal exits blocked until hold complete
2025-10-30 03:18:15 UTC -     INFO - drift_macd_momentum_strategy - 📈 BTC-PERP @ $111821.42 | ATR: $1980.55 | Buy: False | Sell: False | Strength: 77.9632
2025-10-30 03:18:15 UTC -     INFO - drift_macd_momentum_strategy - 🔹 PERP positions: 1 | SPOT positions: 1
2025-10-30 03:18:15 UTC -     INFO - drift_macd_momentum_strategy - 📍 Found PERP position for BTC-PERP (format: MARKET_1): {'symbol': 'MARKET_1', 'market_index': 1, 'qty': -0.0039, 'market_type': 'perp', 'entry_price': 110714.43282051283, 'direction': 'SHORT'}
2025-10-30 03:18:15 UTC - CRITICAL - drift_macd_momentum_strategy - 📋 DECISION: 📊 MANAGING POSITION - Monitoring SELL position
2025-10-30 03:18:15 UTC -     INFO - drift_macd_momentum_strategy - ⏳ HOLD TIME CHECK: 20.8min / 480min (⏰ 459.2min remaining) [Strict (4H)]
2025-10-30 03:18:15 UTC -     INFO - drift_macd_momentum_strategy - 💰 Position: SELL 0.003900 BTC-PERP @ $110714.43
2025-10-30 03:18:15 UTC -     INFO - drift_macd_momentum_strategy - 📊 Current: $111821.42 | P&L: $-4.32 (-1.00%)
2025-10-30 03:18:15 UTC -     INFO - drift_macd_momentum_strategy - 🛡️ Emergency stop available if loss > $23.17
2025-10-30 03:18:15 UTC -     INFO - drift_macd_momentum_strategy - 🚫 Normal exits blocked until hold complete
2025-10-30 03:19:15 UTC -     INFO - drift_macd_momentum_strategy - 📈 BTC-PERP @ $108593.73 | ATR: $1826.77 | Buy: False | Sell: False | Strength: 42.8923
2025-10-30 03:19:15 UTC -     INFO - drift_macd_momentum_strategy - 🔹 PERP positions: 1 | SPOT positions: 1
2025-10-30 03:19:15 UTC -     INFO - drift_macd_momentum_strategy - 📍 Found PERP position for BTC-PERP (format: MARKET_1): {'symbol': 'MARKET_1', 'market_index': 1, 'qty': -0.0039, 'market_type': 'perp', 'entry_price': 110714.43282051283, 'direction': 'SHORT'}
2025-10-30 03:19:15 UTC - CRITICAL - drift_macd_momentum_strategy - 📋 DECISION: 📊 MANAGING POSITION - Monitoring SELL position
2025-10-30 03:19:15 UTC -     INFO - drift_macd_momentum_strategy - ⏳ HOLD TIME CHECK: 21.8min / 480min (⏰ 458.2min remaining) [Strict (4H)]
2025-10-30 03:19:15 UTC -     INFO - drift_macd_momentum_strategy - 💰 Position: SELL 0.003900 BTC-PERP @ $110714.43
2025-10-30 03:19:15 UTC -     INFO - drift_macd_momentum_strategy - 📊 Current: $108593.73 | P&L: $8.27 (+1.92%)
2025-10-30 03:19:15 UTC -     INFO - drift_macd_momentum_strategy - 🛡️ Emergency stop available if loss > $21.37
2025-10-30 03:19:15 UTC -     INFO - drift_macd_momentum_strategy - 🚫 Normal exits blocked until hold complete
2025-10-30 03:20:15 UTC -     INFO - drift_macd_momentum_strategy - 📈 BTC-PERP @ $111926.13 | ATR: $1894.37 | Buy: False | Sell: False | Strength: 60.4246
2025-10-30 03:20:15 UTC -     INFO - drift_macd_momentum_strategy - 🔹 PERP positions: 1 | SPOT positions: 1
2025-10-30 03:20:15 UTC -     INFO - drift_macd_momentum_strategy - 📍 Found PERP position for BTC-PERP (format: MARKET_1): {'symbol': 'MARKET_1', 'market_index': 1, 'qty': -0.0039, 'market_type': 'perp', 'entry_price': 110714.43282051283, 'direction': 'SHORT'}
2025-10-30 03:20:15 UTC - CRITICAL - drift_macd_momentum_strategy - 📋 DECISION: 📊 MANAGING POSITION - Monitoring SELL position
2025-10-30 03:20:15 UTC -     INFO - drift_macd_momentum_strategy - ⏳ HOLD TIME CHECK: 22.8min / 480min (⏰ 457.2min remaining) [Strict (4H)]
2025-10-30 03:20:15 UTC -     INFO - drift_macd_momentum_strategy - 💰 Position: SELL 0.003900 BTC-PERP @ $110714.43
2025-10-30 03:20:15 UTC -     INFO - drift_macd_momentum_strategy - 📊 Current: $111926.13 | P&L: $-4.73 (-1.09%)
2025-10-30 03:20:15 UTC -     INFO - drift_macd_momentum_strategy - 🛡️ Emergency stop available if loss > $22.16
2025-10-30 03:20:15 UTC -     INFO - drift_macd_momentum_strategy - 🚫 Normal exits blocked until hold complete
2025-10-30 03:21:15 UTC -     INFO - drift_macd_momentum_strategy - 📈 BTC-PERP @ $110384.69 | ATR: $1935.10 | Buy: True | Sell: False | Strength: 25.2923
2025-10-30 03:21:15 UTC -     INFO - drift_macd_momentum_strategy - 🔹 PERP positions: 1 | SPOT positions: 1
2025-10-30 03:21:15 UTC -     INFO - drift_macd_momentum_strategy - 📍 Found PERP position for BTC-PERP (format: MARKET_1): {'symbol': 'MARKET_1', 'market_index': 1, 'qty': -0.0039, 'market_type': 'perp', 'entry_price': 110714.43282051283, 'direction': 'SHORT'}
2025-10-30 03:21:15 UTC - CRITICAL - drift_macd_momentum_strategy - 📋 DECISION: 📊 MANAGING POSITION - Monitoring SELL position
2025-10-30 03:21:15 UTC -  WARNING - drift_macd_momentum_strategy - 🔄 OPPOSITE BUY SIGNAL DETECTED while holding SHORT
2025-10-30 03:21:15 UTC -     INFO - drift_macd_momentum_strategy - ⏳ Hold time check: 23.8min / 480min (Strict mode)
2025-10-30 03:21:15 UTC -     INFO - drift_macd_momentum_strategy - 🚫 REVERSAL BLOCKED - 456.2min remaining for hold requirement
2025-10-30 03:21:15 UTC -     INFO - drift_macd_momentum_strategy - ⏳ HOLD TIME CHECK: 23.8min / 480min (⏰ 456.2min remaining) [Strict (4H)]
2025-10-30 03:21:15 UTC -     INFO - drift_macd_momentum_strategy - 💰 Position: SELL 0.003900 BTC-PERP @ $110714.43
2025-10-30 03:21:15 UTC -     INFO - drift_macd_momentum_strategy - 📊 Current: $110384.69 | P&L: $1.29 (+0.30%)
2025-10-30 03:21:15 UTC -     INFO - drift_macd_momentum_strategy - 🛡️ Emergency stop available if loss > $22.64
2025-10-30 03:21:15 UTC -     INFO - drift_macd_momentum_strategy - 🚫 Normal exits blocked until hold complete
2025-10-30 03:22:16 UTC -     INFO - drift_macd_momentum_strategy - 📈 BTC-PERP @ $109826.48 | ATR: $2082.66 | Buy: False | Sell: True | Strength: 54.6836
2025-10-30 03:22:16 UTC -     INFO - drift_macd_momentum_strategy - 🔹 PERP positions: 1 | SPOT positions: 1
2025-10-30 03:22:16 UTC -     INFO - drift_macd_momentum_strategy - 📍 Found PERP position for BTC-PERP (format: MARKET_1): {'symbol': 'MARKET_1', 'market_index': 1, 'qty': -0.0039, 'market_type': 'perp', 'entry_price': 110714.43282051283, 'direction': 'SHORT'}
2025-10-30 03:22:16 UTC - CRITICAL - drift_macd_momentum_strategy - 📋 DECISION: 📊 MANAGING POSITION - Monitoring SELL position
2025-10-30 03:22:16 UTC -     INFO - drift_macd_momentum_strategy - Sell signal with existing SHORT - continue holding
2025-10-30 03:22:16 UTC -     INFO - drift_macd_momentum_strategy - ⏳ HOLD TIME CHECK: 24.8min / 480min (⏰ 455.2min remaining) [Strict (4H)]
2025-10-30 03:22:16 UTC -     INFO - drift_macd_momentum_strategy - 💰 Position: SELL 0.003900 BTC-PERP @ $110714.43
2025-10-30 03:22:16 UTC -     INFO - drift_macd_momentum_strategy - 📊 Current: $109826.48 | P&L: $3.46 (+0.80%)
2025-10-30 03:22:16 UTC -     INFO - drift_macd_momentum_strategy - 🛡️ Emergency stop available if loss > $24.37
2025-10-30 03:22:16 UTC -     INFO - drift_macd_momentum_strategy - 🚫 Normal exits blocked until hold complete
2025-10-30 03:23:16 UTC -     INFO - drift_macd_momentum_strategy - 📈 BTC-PERP @ $112046.34 | ATR: $1823.38 | Buy: False | Sell: False | Strength: 13.9300
2025-10-30 03:23:16 UTC -     INFO - drift_macd_momentum_strategy - 🔹 PERP positions: 1 | SPOT positions: 1
2025-10-30 03:23:16 UTC -     INFO - drift_macd_momentum_strategy - 📍 Found PERP position for BTC-PERP (format: MARKET_1): {'symbol': 'MARKET_1', 'market_index': 1, 'qty': -0.0039, 'market_type': 'perp', 'entry_price': 110714.43282051283, 'direction': 'SHORT'}
2025-10-30 03:23:16 UTC - CRITICAL - drift_macd_momentum_strategy - 📋 DECISION: 📊 MANAGING POSITION - Monitoring SELL position
2025-10-30 03:23:16 UTC -     INFO - drift_macd_momentum_strategy - ⏳ HOLD TIME CHECK: 25.8min / 480min (⏰ 454.2min remaining) [Strict (4H)]
2025-10-30 03:23:16 UTC -     INFO - drift_macd_momentum_strategy - 💰 Position: SELL 0.003900 BTC-PERP @ $110714.43
2025-10-30 03:23:16 UTC -     INFO - drift_macd_momentum_strategy - 📊 Current: $112046.34 | P&L: $-5.19 (-1.20%)
2025-10-30 03:23:16 UTC -     INFO - drift_macd_momentum_strategy - 🛡️ Emergency stop available if loss > $21.33
2025-10-30 03:23:16 UTC -     INFO - drift_macd_momentum_strategy - 🚫 Normal exits blocked until hold complete
2025-10-30 03:24:16 UTC -     INFO - drift_macd_momentum_strategy - 📈 BTC-PERP @ $110351.74 | ATR: $2225.97 | Buy: False | Sell: True | Strength: 26.6716
2025-10-30 03:24:16 UTC -     INFO - drift_macd_momentum_strategy - 🔹 PERP positions: 1 | SPOT positions: 1
2025-10-30 03:24:16 UTC -     INFO - drift_macd_momentum_strategy - 📍 Found PERP position for BTC-PERP (format: MARKET_1): {'symbol': 'MARKET_1', 'market_index': 1, 'qty': -0.0039, 'market_type': 'perp', 'entry_price': 110714.43282051283, 'direction': 'SHORT'}
2025-10-30 03:24:16 UTC - CRITICAL - drift_macd_momentum_strategy - 📋 DECISION: 📊 MANAGING POSITION - Monitoring SELL position
2025-10-30 03:24:16 UTC -     INFO - drift_macd_momentum_strategy - Sell signal with existing SHORT - continue holding
2025-10-30 03:24:16 UTC -     INFO - drift_macd_momentum_strategy - ⏳ HOLD TIME CHECK: 26.8min / 480min (⏰ 453.2min remaining) [Strict (4H)]
2025-10-30 03:24:16 UTC -     INFO - drift_macd_momentum_strategy - 💰 Position: SELL 0.003900 BTC-PERP @ $110714.43
2025-10-30 03:24:16 UTC -     INFO - drift_macd_momentum_strategy - 📊 Current: $110351.74 | P&L: $1.41 (+0.33%)
2025-10-30 03:24:16 UTC -     INFO - drift_macd_momentum_strategy - 🛡️ Emergency stop available if loss > $26.04
2025-10-30 03:24:16 UTC -     INFO - drift_macd_momentum_strategy - 🚫 Normal exits blocked until hold complete
2025-10-30 03:25:16 UTC -     INFO - drift_macd_momentum_strategy - 📈 BTC-PERP @ $109471.16 | ATR: $1743.15 | Buy: True | Sell: False | Strength: 5.8151
2025-10-30 03:25:16 UTC -     INFO - drift_macd_momentum_strategy - 🔹 PERP positions: 1 | SPOT positions: 1
2025-10-30 03:25:16 UTC -     INFO - drift_macd_momentum_strategy - 📍 Found PERP position for BTC-PERP (format: MARKET_1): {'symbol': 'MARKET_1', 'market_index': 1, 'qty': -0.0039, 'market_type': 'perp', 'entry_price': 110714.43282051283, 'direction': 'SHORT'}
2025-10-30 03:25:16 UTC - CRITICAL - drift_macd_momentum_strategy - 📋 DECISION: 📊 MANAGING POSITION - Monitoring SELL position
2025-10-30 03:25:16 UTC -  WARNING - drift_macd_momentum_strategy - 🔄 OPPOSITE BUY SIGNAL DETECTED while holding SHORT
2025-10-30 03:25:16 UTC -     INFO - drift_macd_momentum_strategy - ⏳ Hold time check: 27.8min / 480min (Strict mode)
2025-10-30 03:25:16 UTC -     INFO - drift_macd_momentum_strategy - 🚫 REVERSAL BLOCKED - 452.2min remaining for hold requirement
2025-10-30 03:25:16 UTC -     INFO - drift_macd_momentum_strategy - ⏳ HOLD TIME CHECK: 27.8min / 480min (⏰ 452.2min remaining) [Strict (4H)]
2025-10-30 03:25:16 UTC -     INFO - drift_macd_momentum_strategy - 💰 Position: SELL 0.003900 BTC-PERP @ $110714.43
2025-10-30 03:25:16 UTC -     INFO - drift_macd_momentum_strategy - 📊 Current: $109471.16 | P&L: $4.85 (+1.12%)
2025-10-30 03:25:16 UTC -     INFO - drift_macd_momentum_strategy - 🛡️ Emergency stop available if loss > $20.39
2025-10-30 03:25:16 UTC -     INFO - drift_macd_momentum_strategy - 🚫 Normal exits blocked until hold complete
2025-10-30 03:26:16 UTC -     INFO - drift_macd_momentum_strategy - 📈 BTC-PERP @ $109232.77 | ATR: $1754.15 | Buy: False | Sell: False | Strength: 53.4502
2025-10-30 03:26:16 UTC -     INFO - drift_macd_momentum_strategy - 🔹 PERP positions: 1 | SPOT positions: 1
2025-10-30 03:26:16 UTC -     INFO - drift_macd_momentum_strategy - 📍 Found PERP position for BTC-PERP (format: MARKET_1): {'symbol': 'MARKET_1', 'market_index': 1, 'qty': -0.0039, 'market_type': 'perp', 'entry_price': 110714.43282051283, 'direction': 'SHORT'}
2025-10-30 03:26:16 UTC - CRITICAL - drift_macd_momentum_strategy - 📋 DECISION: 📊 MANAGING POSITION - Monitoring SELL position
2025-10-30 03:26:16 UTC -     INFO - drift_macd_momentum_strategy - ⏳ HOLD TIME CHECK: 28.9min / 480min (⏰ 451.1min remaining) [Strict (4H)]
2025-10-30 03:26:16 UTC -     INFO - drift_macd_momentum_strategy - 💰 Position: SELL 0.003900 BTC-PERP @ $110714.43
2025-10-30 03:26:16 UTC -     INFO - drift_macd_momentum_strategy - 📊 Current: $109232.77 | P&L: $5.78 (+1.34%)
2025-10-30 03:26:16 UTC -     INFO - drift_macd_momentum_strategy - 🛡️ Emergency stop available if loss > $20.52
2025-10-30 03:26:16 UTC -     INFO - drift_macd_momentum_strategy - 🚫 Normal exits blocked until hold complete
2025-10-30 03:27:17 UTC -     INFO - drift_macd_momentum_strategy - 📈 BTC-PERP @ $108459.72 | ATR: $1882.07 | Buy: False | Sell: False | Strength: 66.1360
2025-10-30 03:27:17 UTC -     INFO - drift_macd_momentum_strategy - 🔹 PERP positions: 1 | SPOT positions: 1
2025-10-30 03:27:17 UTC -     INFO - drift_macd_momentum_strategy - 📍 Found PERP position for BTC-PERP (format: MARKET_1): {'symbol': 'MARKET_1', 'market_index': 1, 'qty': -0.0039, 'market_type': 'perp', 'entry_price': 110714.43282051283, 'direction': 'SHORT'}
2025-10-30 03:27:17 UTC - CRITICAL - drift_macd_momentum_strategy - 📋 DECISION: 📊 MANAGING POSITION - Monitoring SELL position
2025-10-30 03:27:17 UTC -     INFO - drift_macd_momentum_strategy - ⏳ HOLD TIME CHECK: 29.9min / 480min (⏰ 450.1min remaining) [Strict (4H)]
2025-10-30 03:27:17 UTC -     INFO - drift_macd_momentum_strategy - 💰 Position: SELL 0.003900 BTC-PERP @ $110714.43
2025-10-30 03:27:17 UTC -     INFO - drift_macd_momentum_strategy - 📊 Current: $108459.72 | P&L: $8.79 (+2.04%)
2025-10-30 03:27:17 UTC -     INFO - drift_macd_momentum_strategy - 🛡️ Emergency stop available if loss > $22.02
2025-10-30 03:27:17 UTC -     INFO - drift_macd_momentum_strategy - 🚫 Normal exits blocked until hold complete
2025-10-30 03:28:17 UTC -     INFO - drift_macd_momentum_strategy - 📈 BTC-PERP @ $108822.77 | ATR: $1739.73 | Buy: False | Sell: False | Strength: 41.3243
2025-10-30 03:28:17 UTC -     INFO - drift_macd_momentum_strategy - 🔹 PERP positions: 1 | SPOT positions: 1
2025-10-30 03:28:17 UTC -     INFO - drift_macd_momentum_strategy - 📍 Found PERP position for BTC-PERP (format: MARKET_1): {'symbol': 'MARKET_1', 'market_index': 1, 'qty': -0.0039, 'market_type': 'perp', 'entry_price': 110714.43282051283, 'direction': 'SHORT'}
2025-10-30 03:28:17 UTC - CRITICAL - drift_macd_momentum_strategy - 📋 DECISION: 📊 MANAGING POSITION - Monitoring SELL position
2025-10-30 03:28:17 UTC -     INFO - drift_macd_momentum_strategy - ⏳ HOLD TIME CHECK: 30.9min / 480min (⏰ 449.1min remaining) [Strict (4H)]
2025-10-30 03:28:17 UTC -     INFO - drift_macd_momentum_strategy - 💰 Position: SELL 0.003900 BTC-PERP @ $110714.43
2025-10-30 03:28:17 UTC -     INFO - drift_macd_momentum_strategy - 📊 Current: $108822.77 | P&L: $7.38 (+1.71%)
2025-10-30 03:28:17 UTC -     INFO - drift_macd_momentum_strategy - 🛡️ Emergency stop available if loss > $20.35
2025-10-30 03:28:17 UTC -     INFO - drift_macd_momentum_strategy - 🚫 Normal exits blocked until hold complete
2025-10-30 03:29:04 UTC -     INFO - drift_macd_momentum_strategy - Received signal 2, initiating shutdown...
2025-10-30 03:29:05 UTC -     INFO - drift_macd_momentum_strategy - Trading loop ended
2025-10-30 03:29:05 UTC -     INFO - drift_macd_momentum_strategy - Shutting down trading bot...
2025-10-30 03:29:05 UTC -     INFO - drift_macd_momentum_strategy - 🚪 Attempting to close all positions...
2025-10-30 03:29:05 UTC -     INFO - drift_macd_momentum_strategy - 🚪 Closing BTC-PERP position: BUY 0.0039
2025-10-30 03:29:05 UTC -     INFO - drift_macd_momentum_strategy - Order debug: symbol=BTC-PERP, quantity=0.0039, BASE_PRECISION=1000000000, base_asset_amount=3900000
2025-10-30 03:29:08 UTC -     INFO - drift_macd_momentum_strategy - Market order placed: BTC-PERP BUY 0.0039, tx: 3or3H5j4XpdtMKLGRJHoGoE2ftkt5tki17bgMUaa7AALmHT4Sfx3M5Ls9u5wwY2REAf1pVT3XUEiiHQbwomt9Ff1
2025-10-30 03:29:10 UTC -     INFO - drift_macd_momentum_strategy - 📊 EXECUTION DETAILS: BTC-PERP BUY - Intended: 0.0039@market | Actual: 0@110930.675358
2025-10-30 03:29:10 UTC -    ERROR - drift_macd_momentum_strategy - ❌ ORDER REJECTED! Actual quantity = 0
2025-10-30 03:29:10 UTC -    ERROR - drift_macd_momentum_strategy - 💰 Possible reasons:
2025-10-30 03:29:10 UTC -    ERROR - drift_macd_momentum_strategy -    1. Insufficient margin/collateral
2025-10-30 03:29:10 UTC -    ERROR - drift_macd_momentum_strategy -    2. Position size exceeds account leverage limits
2025-10-30 03:29:10 UTC -    ERROR - drift_macd_momentum_strategy -    3. Market conditions preventing fill
2025-10-30 03:29:10 UTC -    ERROR - drift_macd_momentum_strategy - 💡 Solutions:
2025-10-30 03:29:10 UTC -    ERROR - drift_macd_momentum_strategy -    • Reduce POSITION_PCT from 0.5 to 0.3 in config
2025-10-30 03:29:10 UTC -    ERROR - drift_macd_momentum_strategy -    • Reduce LEVERAGE_MULTIPLIER from 2.0 to 1.5
2025-10-30 03:29:10 UTC -    ERROR - drift_macd_momentum_strategy -    • Check Drift UI for pending orders or margin issues
2025-10-30 03:29:10 UTC -     INFO - drift_macd_momentum_strategy - ✅ All positions closed successfully
2025-10-30 03:29:10 UTC -     INFO - drift_macd_momentum_strategy - 🧹 Cleaning up strategy resources...
2025-10-30 03:29:14 UTC -     INFO - drift_macd_momentum_strategy - Received signal 2, initiating shutdown...
2025-10-30 03:29:19 UTC -     INFO - drift_macd_momentum_strategy - ✅ Drift client unsubscribed
2025-10-30 03:29:19 UTC -     INFO - drift_macd_momentum_strategy - ✅ Cleanup completed
2025-10-30 03:29:19 UTC -     INFO - drift_macd_momentum_strategy - Final portfolio state:
2025-10-30 03:29:19 UTC -     INFO - drift_macd_momentum_strategy - Shutdown completed successfully
2025-10-30 03:29:20 UTC -     INFO - drift_macd_momentum_strategy - Strategy stopped
2025-10-30 03:29:20 UTC -     INFO - drift_macd_momentum_strategy - Logger initialized: drift_macd_momentum_strategy
2025-10-30 03:29:20 UTC -     INFO - drift_macd_momentum_strategy - Log file: logs/drift_macd_momentum_strategy_20251030.log
2025-10-30 03:29:20 UTC -     INFO - drift_macd_momentum_strategy - Log level: DEBUG
2025-10-30 03:29:20 UTC -     INFO - drift_macd_momentum_strategy - Initializing Drift Protocol Trading Bot...
2025-10-30 03:29:20 UTC -     INFO - drift_macd_momentum_strategy - 🎯 MACD Strategy Enhanced - Advanced Hold Time & Reversal Controls
2025-10-30 03:29:20 UTC -     INFO - drift_macd_momentum_strategy - 📊 Symbol: BTC-PERP | Timeframe: 240 | Position %: 0.3
2025-10-30 03:29:20 UTC -     INFO - drift_macd_momentum_strategy - ⚡ MACD: Fast(6), Slow(10), Signal(2)
2025-10-30 03:29:20 UTC -     INFO - drift_macd_momentum_strategy - 🔒 STRICT HOLD MODE: 480 minutes (4H strategy)
2025-10-30 03:29:20 UTC -     INFO - drift_macd_momentum_strategy - 🎯 STRONG REVERSAL OVERRIDE: Enabled with 0.5 MACD threshold
2025-10-30 03:29:20 UTC -     INFO - drift_macd_momentum_strategy - 🛡️ Risk Management: Initial Stop: 2.8x ATR, Take Profit: 6.0x ATR
2025-10-30 03:29:20 UTC -     INFO - drift_macd_momentum_strategy - 📈 Position Sizing: 0.3% of balance (90% for Drift minimums)
2025-10-30 03:29:20 UTC -     INFO - drift_macd_momentum_strategy - 🚀 Initializing DriftMACDStrategy strategy...
2025-10-30 03:29:20 UTC -     INFO - drift_macd_momentum_strategy - Initializing Drift executor (attempt 1/3)...
2025-10-30 03:29:22 UTC -     INFO - drift_macd_momentum_strategy - Received signal 2, initiating shutdown...
2025-10-30 03:29:24 UTC -     INFO - drift_macd_momentum_strategy - ✅ Drift executor initialized for wallet: 6BP8Gb3Szc5Zbk6nyzeh2AtueTLbWpTDxU5sszbkX4Tt
2025-10-30 03:29:24 UTC -     INFO - drift_macd_momentum_strategy - 💰 Starting equity tracked: $699.63
2025-10-30 03:29:24 UTC -     INFO - drift_macd_momentum_strategy - ✅ DriftMACDStrategy strategy initialized successfully
2025-10-30 03:29:24 UTC -     INFO - drift_macd_momentum_strategy - All components initialized successfully
2025-10-30 03:29:24 UTC -     INFO - drift_macd_momentum_strategy - Trading loop ended
2025-10-30 03:29:24 UTC -     INFO - drift_macd_momentum_strategy - Shutting down trading bot...
2025-10-30 03:29:24 UTC -     INFO - drift_macd_momentum_strategy - 🚪 Attempting to close all positions...
2025-10-30 03:29:24 UTC -     INFO - drift_macd_momentum_strategy - 🚪 Closing BTC-PERP position: BUY 0.0039
2025-10-30 03:29:24 UTC -     INFO - drift_macd_momentum_strategy - Order debug: symbol=BTC-PERP, quantity=0.0039, BASE_PRECISION=1000000000, base_asset_amount=3900000
2025-10-30 03:29:25 UTC -    ERROR - drift_macd_momentum_strategy - Error placing market order for BTC-PERP: 
2025-10-30 03:29:25 UTC -     INFO - drift_macd_momentum_strategy - ✅ All positions closed successfully
2025-10-30 03:29:25 UTC -     INFO - drift_macd_momentum_strategy - 🧹 Cleaning up strategy resources...
2025-10-30 03:29:32 UTC -     INFO - drift_macd_momentum_strategy - ✅ Drift client unsubscribed
2025-10-30 03:29:32 UTC -     INFO - drift_macd_momentum_strategy - ✅ Cleanup completed
2025-10-30 03:29:32 UTC -     INFO - drift_macd_momentum_strategy - Final portfolio state:
2025-10-30 03:29:32 UTC -     INFO - drift_macd_momentum_strategy - Shutdown completed successfully
